Analysis & Synthesis report for Lab8
Fri Nov 02 15:13:53 2018
Quartus Prime Version 17.0.0 Build 595 04/25/2017 SJ Standard Edition


---------------------
; Table of Contents ;
---------------------
  1. Legal Notice
  2. Analysis & Synthesis Summary
  3. Analysis & Synthesis Settings
  4. Parallel Compilation
  5. Analysis & Synthesis Source Files Read
  6. Analysis & Synthesis Resource Usage Summary
  7. Analysis & Synthesis Resource Utilization by Entity
  8. General Register Statistics
  9. Parameter Settings for Inferred Entity Instance: binary2ssd:U3|lpm_divide:Mod0
 10. Parameter Settings for Inferred Entity Instance: binary2ssd:U3|lpm_divide:Mod1
 11. Parameter Settings for Inferred Entity Instance: binary2ssd:U3|lpm_divide:Mod2
 12. Parameter Settings for Inferred Entity Instance: binary2ssd:U3|lpm_divide:Div2
 13. Parameter Settings for Inferred Entity Instance: binary2ssd:U3|lpm_divide:Div1
 14. Parameter Settings for Inferred Entity Instance: binary2ssd:U3|lpm_divide:Div0
 15. Port Connectivity Checks: "delay_unit:U1"
 16. Post-Synthesis Netlist Statistics for Top Partition
 17. Elapsed Time Per Partition
 18. Analysis & Synthesis Messages



----------------
; Legal Notice ;
----------------
Copyright (C) 2017  Intel Corporation. All rights reserved.
Your use of Intel Corporation's design tools, logic functions 
and other software and tools, and its AMPP partner logic 
functions, and any output files from any of the foregoing 
(including device programming or simulation files), and any 
associated documentation or information are expressly subject 
to the terms and conditions of the Intel Program License 
Subscription Agreement, the Intel Quartus Prime License Agreement,
the Intel MegaCore Function License Agreement, or other 
applicable license agreement, including, without limitation, 
that your use is for the sole purpose of programming logic 
devices manufactured by Intel and sold by Intel or its 
authorized distributors.  Please refer to the applicable 
agreement for further details.



+-----------------------------------------------------------------------------------+
; Analysis & Synthesis Summary                                                      ;
+---------------------------------+-------------------------------------------------+
; Analysis & Synthesis Status     ; Successful - Fri Nov 02 15:13:53 2018           ;
; Quartus Prime Version           ; 17.0.0 Build 595 04/25/2017 SJ Standard Edition ;
; Revision Name                   ; Lab8                                            ;
; Top-level Entity Name           ; Lab8                                            ;
; Family                          ; Cyclone V                                       ;
; Logic utilization (in ALMs)     ; N/A                                             ;
; Total registers                 ; 27                                              ;
; Total pins                      ; 42                                              ;
; Total virtual pins              ; 0                                               ;
; Total block memory bits         ; 0                                               ;
; Total DSP Blocks                ; 0                                               ;
; Total HSSI RX PCSs              ; 0                                               ;
; Total HSSI PMA RX Deserializers ; 0                                               ;
; Total HSSI TX PCSs              ; 0                                               ;
; Total HSSI PMA TX Serializers   ; 0                                               ;
; Total PLLs                      ; 0                                               ;
; Total DLLs                      ; 0                                               ;
+---------------------------------+-------------------------------------------------+


+---------------------------------------------------------------------------------------------------------------------------+
; Analysis & Synthesis Settings                                                                                             ;
+---------------------------------------------------------------------------------+--------------------+--------------------+
; Option                                                                          ; Setting            ; Default Value      ;
+---------------------------------------------------------------------------------+--------------------+--------------------+
; Device                                                                          ; 5CEBA4F23C7        ;                    ;
; Top-level entity name                                                           ; Lab8               ; Lab8               ;
; Family name                                                                     ; Cyclone V          ; Cyclone V          ;
; Use smart compilation                                                           ; Off                ; Off                ;
; Enable parallel Assembler and TimeQuest Timing Analyzer during compilation      ; On                 ; On                 ;
; Enable compact report table                                                     ; Off                ; Off                ;
; Restructure Multiplexers                                                        ; Auto               ; Auto               ;
; MLAB Add Timing Constraints For Mixed-Port Feed-Through Mode Setting Don't Care ; Off                ; Off                ;
; Create Debugging Nodes for IP Cores                                             ; Off                ; Off                ;
; Preserve fewer node names                                                       ; On                 ; On                 ;
; OpenCore Plus hardware evaluation                                               ; Enable             ; Enable             ;
; Verilog Version                                                                 ; Verilog_2001       ; Verilog_2001       ;
; VHDL Version                                                                    ; VHDL_1993          ; VHDL_1993          ;
; State Machine Processing                                                        ; Auto               ; Auto               ;
; Safe State Machine                                                              ; Off                ; Off                ;
; Extract Verilog State Machines                                                  ; On                 ; On                 ;
; Extract VHDL State Machines                                                     ; On                 ; On                 ;
; Ignore Verilog initial constructs                                               ; Off                ; Off                ;
; Iteration limit for constant Verilog loops                                      ; 5000               ; 5000               ;
; Iteration limit for non-constant Verilog loops                                  ; 250                ; 250                ;
; Add Pass-Through Logic to Inferred RAMs                                         ; On                 ; On                 ;
; Infer RAMs from Raw Logic                                                       ; On                 ; On                 ;
; Parallel Synthesis                                                              ; On                 ; On                 ;
; DSP Block Balancing                                                             ; Auto               ; Auto               ;
; NOT Gate Push-Back                                                              ; On                 ; On                 ;
; Power-Up Don't Care                                                             ; On                 ; On                 ;
; Remove Redundant Logic Cells                                                    ; Off                ; Off                ;
; Remove Duplicate Registers                                                      ; On                 ; On                 ;
; Ignore CARRY Buffers                                                            ; Off                ; Off                ;
; Ignore CASCADE Buffers                                                          ; Off                ; Off                ;
; Ignore GLOBAL Buffers                                                           ; Off                ; Off                ;
; Ignore ROW GLOBAL Buffers                                                       ; Off                ; Off                ;
; Ignore LCELL Buffers                                                            ; Off                ; Off                ;
; Ignore SOFT Buffers                                                             ; On                 ; On                 ;
; Limit AHDL Integers to 32 Bits                                                  ; Off                ; Off                ;
; Optimization Technique                                                          ; Balanced           ; Balanced           ;
; Carry Chain Length                                                              ; 70                 ; 70                 ;
; Auto Carry Chains                                                               ; On                 ; On                 ;
; Auto Open-Drain Pins                                                            ; On                 ; On                 ;
; Perform WYSIWYG Primitive Resynthesis                                           ; Off                ; Off                ;
; Auto ROM Replacement                                                            ; On                 ; On                 ;
; Auto RAM Replacement                                                            ; On                 ; On                 ;
; Auto DSP Block Replacement                                                      ; On                 ; On                 ;
; Auto Shift Register Replacement                                                 ; Auto               ; Auto               ;
; Allow Shift Register Merging across Hierarchies                                 ; Auto               ; Auto               ;
; Auto Clock Enable Replacement                                                   ; On                 ; On                 ;
; Strict RAM Replacement                                                          ; Off                ; Off                ;
; Allow Synchronous Control Signals                                               ; On                 ; On                 ;
; Force Use of Synchronous Clear Signals                                          ; Off                ; Off                ;
; Auto Resource Sharing                                                           ; Off                ; Off                ;
; Allow Any RAM Size For Recognition                                              ; Off                ; Off                ;
; Allow Any ROM Size For Recognition                                              ; Off                ; Off                ;
; Allow Any Shift Register Size For Recognition                                   ; Off                ; Off                ;
; Use LogicLock Constraints during Resource Balancing                             ; On                 ; On                 ;
; Ignore translate_off and synthesis_off directives                               ; Off                ; Off                ;
; Timing-Driven Synthesis                                                         ; On                 ; On                 ;
; Report Parameter Settings                                                       ; On                 ; On                 ;
; Report Source Assignments                                                       ; On                 ; On                 ;
; Report Connectivity Checks                                                      ; On                 ; On                 ;
; Ignore Maximum Fan-Out Assignments                                              ; Off                ; Off                ;
; Synchronization Register Chain Length                                           ; 3                  ; 3                  ;
; PowerPlay Power Optimization During Synthesis                                   ; Normal compilation ; Normal compilation ;
; HDL message level                                                               ; Level2             ; Level2             ;
; Suppress Register Optimization Related Messages                                 ; Off                ; Off                ;
; Number of Removed Registers Reported in Synthesis Report                        ; 5000               ; 5000               ;
; Number of Swept Nodes Reported in Synthesis Report                              ; 5000               ; 5000               ;
; Number of Inverted Registers Reported in Synthesis Report                       ; 100                ; 100                ;
; Clock MUX Protection                                                            ; On                 ; On                 ;
; Auto Gated Clock Conversion                                                     ; Off                ; Off                ;
; Block Design Naming                                                             ; Auto               ; Auto               ;
; SDC constraint protection                                                       ; Off                ; Off                ;
; Synthesis Effort                                                                ; Auto               ; Auto               ;
; Shift Register Replacement - Allow Asynchronous Clear Signal                    ; On                 ; On                 ;
; Pre-Mapping Resynthesis Optimization                                            ; Off                ; Off                ;
; Analysis & Synthesis Message Level                                              ; Medium             ; Medium             ;
; Disable Register Merging Across Hierarchies                                     ; Auto               ; Auto               ;
; Resource Aware Inference For Block RAM                                          ; On                 ; On                 ;
; Automatic Parallel Synthesis                                                    ; On                 ; On                 ;
; Partial Reconfiguration Bitstream ID                                            ; Off                ; Off                ;
+---------------------------------------------------------------------------------+--------------------+--------------------+


+------------------------------------------+
; Parallel Compilation                     ;
+----------------------------+-------------+
; Processors                 ; Number      ;
+----------------------------+-------------+
; Number detected on machine ; 8           ;
; Maximum allowed            ; 4           ;
;                            ;             ;
; Average used               ; 1.00        ;
; Maximum used               ; 4           ;
;                            ;             ;
; Usage by Processor         ; % Time Used ;
;     Processor 1            ; 100.0%      ;
;     Processors 2-4         ;   0.0%      ;
+----------------------------+-------------+


+---------------------------------------------------------------------------------------------------------------------------------------------------------------------+
; Analysis & Synthesis Source Files Read                                                                                                                              ;
+----------------------------------+-----------------+------------------------------+-----------------------------------------------------------------------+---------+
; File Name with User-Entered Path ; Used in Netlist ; File Type                    ; File Name with Absolute Path                                          ; Library ;
+----------------------------------+-----------------+------------------------------+-----------------------------------------------------------------------+---------+
; Lab8.vhd                         ; yes             ; User VHDL File               ; S:/CPET232/Lab8/Lab8.vhd                                              ;         ;
; delay_unit.vhd                   ; yes             ; User VHDL File               ; S:/CPET232/Lab8/delay_unit.vhd                                        ;         ;
; counter.vhd                      ; yes             ; User VHDL File               ; S:/CPET232/Lab8/counter.vhd                                           ;         ;
; binary2ssd.vhd                   ; yes             ; User VHDL File               ; S:/CPET232/Lab8/binary2ssd.vhd                                        ;         ;
; lpm_divide.tdf                   ; yes             ; Megafunction                 ; c:/intelfpga/17.0/quartus/libraries/megafunctions/lpm_divide.tdf      ;         ;
; abs_divider.inc                  ; yes             ; Megafunction                 ; c:/intelfpga/17.0/quartus/libraries/megafunctions/abs_divider.inc     ;         ;
; sign_div_unsign.inc              ; yes             ; Megafunction                 ; c:/intelfpga/17.0/quartus/libraries/megafunctions/sign_div_unsign.inc ;         ;
; aglobal170.inc                   ; yes             ; Megafunction                 ; c:/intelfpga/17.0/quartus/libraries/megafunctions/aglobal170.inc      ;         ;
; db/lpm_divide_u4m.tdf            ; yes             ; Auto-Generated Megafunction  ; S:/CPET232/Lab8/db/lpm_divide_u4m.tdf                                 ;         ;
; db/sign_div_unsign_1nh.tdf       ; yes             ; Auto-Generated Megafunction  ; S:/CPET232/Lab8/db/sign_div_unsign_1nh.tdf                            ;         ;
; db/alt_u_div_82f.tdf             ; yes             ; Auto-Generated Megafunction  ; S:/CPET232/Lab8/db/alt_u_div_82f.tdf                                  ;         ;
; db/lpm_divide_ebm.tdf            ; yes             ; Auto-Generated Megafunction  ; S:/CPET232/Lab8/db/lpm_divide_ebm.tdf                                 ;         ;
; db/sign_div_unsign_klh.tdf       ; yes             ; Auto-Generated Megafunction  ; S:/CPET232/Lab8/db/sign_div_unsign_klh.tdf                            ;         ;
; db/alt_u_div_eve.tdf             ; yes             ; Auto-Generated Megafunction  ; S:/CPET232/Lab8/db/alt_u_div_eve.tdf                                  ;         ;
; db/lpm_divide_hbm.tdf            ; yes             ; Auto-Generated Megafunction  ; S:/CPET232/Lab8/db/lpm_divide_hbm.tdf                                 ;         ;
; db/sign_div_unsign_nlh.tdf       ; yes             ; Auto-Generated Megafunction  ; S:/CPET232/Lab8/db/sign_div_unsign_nlh.tdf                            ;         ;
; db/alt_u_div_kve.tdf             ; yes             ; Auto-Generated Megafunction  ; S:/CPET232/Lab8/db/alt_u_div_kve.tdf                                  ;         ;
; db/lpm_divide_rcm.tdf            ; yes             ; Auto-Generated Megafunction  ; S:/CPET232/Lab8/db/lpm_divide_rcm.tdf                                 ;         ;
+----------------------------------+-----------------+------------------------------+-----------------------------------------------------------------------+---------+


+-------------------------------------------------------------+
; Analysis & Synthesis Resource Usage Summary                 ;
+---------------------------------------------+---------------+
; Resource                                    ; Usage         ;
+---------------------------------------------+---------------+
; Estimate of Logic utilization (ALMs needed) ; 235           ;
;                                             ;               ;
; Combinational ALUT usage for logic          ; 467           ;
;     -- 7 input functions                    ; 0             ;
;     -- 6 input functions                    ; 3             ;
;     -- 5 input functions                    ; 29            ;
;     -- 4 input functions                    ; 136           ;
;     -- <=3 input functions                  ; 299           ;
;                                             ;               ;
; Dedicated logic registers                   ; 27            ;
;                                             ;               ;
; I/O pins                                    ; 42            ;
;                                             ;               ;
; Total DSP Blocks                            ; 0             ;
;                                             ;               ;
; Maximum fan-out node                        ; reset_n~input ;
; Maximum fan-out                             ; 39            ;
; Total fan-out                               ; 1644          ;
; Average fan-out                             ; 2.84          ;
+---------------------------------------------+---------------+


+---------------------------------------------------------------------------------------------------------------------------------------------------------------------------------------------------------------------------------------------------------------------------------------------------------------+
; Analysis & Synthesis Resource Utilization by Entity                                                                                                                                                                                                                                                           ;
+-------------------------------------------+---------------------+---------------------------+-------------------+------------+------+--------------+---------------------------------------------------------------------------------------------------------------------+---------------------+--------------+
; Compilation Hierarchy Node                ; Combinational ALUTs ; Dedicated Logic Registers ; Block Memory Bits ; DSP Blocks ; Pins ; Virtual Pins ; Full Hierarchy Name                                                                                                 ; Entity Name         ; Library Name ;
+-------------------------------------------+---------------------+---------------------------+-------------------+------------+------+--------------+---------------------------------------------------------------------------------------------------------------------+---------------------+--------------+
; |Lab8                                     ; 467 (0)             ; 27 (0)                    ; 0                 ; 0          ; 42   ; 0            ; |Lab8                                                                                                               ; Lab8                ; work         ;
;    |binary2ssd:U3|                        ; 400 (21)            ; 0 (0)                     ; 0                 ; 0          ; 0    ; 0            ; |Lab8|binary2ssd:U3                                                                                                 ; binary2ssd          ; work         ;
;       |lpm_divide:Div0|                   ; 11 (0)              ; 0 (0)                     ; 0                 ; 0          ; 0    ; 0            ; |Lab8|binary2ssd:U3|lpm_divide:Div0                                                                                 ; lpm_divide          ; work         ;
;          |lpm_divide_rcm:auto_generated|  ; 11 (0)              ; 0 (0)                     ; 0                 ; 0          ; 0    ; 0            ; |Lab8|binary2ssd:U3|lpm_divide:Div0|lpm_divide_rcm:auto_generated                                                   ; lpm_divide_rcm      ; work         ;
;             |sign_div_unsign_1nh:divider| ; 11 (0)              ; 0 (0)                     ; 0                 ; 0          ; 0    ; 0            ; |Lab8|binary2ssd:U3|lpm_divide:Div0|lpm_divide_rcm:auto_generated|sign_div_unsign_1nh:divider                       ; sign_div_unsign_1nh ; work         ;
;                |alt_u_div_82f:divider|    ; 11 (11)             ; 0 (0)                     ; 0                 ; 0          ; 0    ; 0            ; |Lab8|binary2ssd:U3|lpm_divide:Div0|lpm_divide_rcm:auto_generated|sign_div_unsign_1nh:divider|alt_u_div_82f:divider ; alt_u_div_82f       ; work         ;
;       |lpm_divide:Div1|                   ; 59 (0)              ; 0 (0)                     ; 0                 ; 0          ; 0    ; 0            ; |Lab8|binary2ssd:U3|lpm_divide:Div1                                                                                 ; lpm_divide          ; work         ;
;          |lpm_divide_hbm:auto_generated|  ; 59 (0)              ; 0 (0)                     ; 0                 ; 0          ; 0    ; 0            ; |Lab8|binary2ssd:U3|lpm_divide:Div1|lpm_divide_hbm:auto_generated                                                   ; lpm_divide_hbm      ; work         ;
;             |sign_div_unsign_nlh:divider| ; 59 (0)              ; 0 (0)                     ; 0                 ; 0          ; 0    ; 0            ; |Lab8|binary2ssd:U3|lpm_divide:Div1|lpm_divide_hbm:auto_generated|sign_div_unsign_nlh:divider                       ; sign_div_unsign_nlh ; work         ;
;                |alt_u_div_kve:divider|    ; 59 (59)             ; 0 (0)                     ; 0                 ; 0          ; 0    ; 0            ; |Lab8|binary2ssd:U3|lpm_divide:Div1|lpm_divide_hbm:auto_generated|sign_div_unsign_nlh:divider|alt_u_div_kve:divider ; alt_u_div_kve       ; work         ;
;       |lpm_divide:Div2|                   ; 69 (0)              ; 0 (0)                     ; 0                 ; 0          ; 0    ; 0            ; |Lab8|binary2ssd:U3|lpm_divide:Div2                                                                                 ; lpm_divide          ; work         ;
;          |lpm_divide_ebm:auto_generated|  ; 69 (0)              ; 0 (0)                     ; 0                 ; 0          ; 0    ; 0            ; |Lab8|binary2ssd:U3|lpm_divide:Div2|lpm_divide_ebm:auto_generated                                                   ; lpm_divide_ebm      ; work         ;
;             |sign_div_unsign_klh:divider| ; 69 (0)              ; 0 (0)                     ; 0                 ; 0          ; 0    ; 0            ; |Lab8|binary2ssd:U3|lpm_divide:Div2|lpm_divide_ebm:auto_generated|sign_div_unsign_klh:divider                       ; sign_div_unsign_klh ; work         ;
;                |alt_u_div_eve:divider|    ; 69 (69)             ; 0 (0)                     ; 0                 ; 0          ; 0    ; 0            ; |Lab8|binary2ssd:U3|lpm_divide:Div2|lpm_divide_ebm:auto_generated|sign_div_unsign_klh:divider|alt_u_div_eve:divider ; alt_u_div_eve       ; work         ;
;       |lpm_divide:Mod0|                   ; 29 (0)              ; 0 (0)                     ; 0                 ; 0          ; 0    ; 0            ; |Lab8|binary2ssd:U3|lpm_divide:Mod0                                                                                 ; lpm_divide          ; work         ;
;          |lpm_divide_u4m:auto_generated|  ; 29 (0)              ; 0 (0)                     ; 0                 ; 0          ; 0    ; 0            ; |Lab8|binary2ssd:U3|lpm_divide:Mod0|lpm_divide_u4m:auto_generated                                                   ; lpm_divide_u4m      ; work         ;
;             |sign_div_unsign_1nh:divider| ; 29 (0)              ; 0 (0)                     ; 0                 ; 0          ; 0    ; 0            ; |Lab8|binary2ssd:U3|lpm_divide:Mod0|lpm_divide_u4m:auto_generated|sign_div_unsign_1nh:divider                       ; sign_div_unsign_1nh ; work         ;
;                |alt_u_div_82f:divider|    ; 29 (29)             ; 0 (0)                     ; 0                 ; 0          ; 0    ; 0            ; |Lab8|binary2ssd:U3|lpm_divide:Mod0|lpm_divide_u4m:auto_generated|sign_div_unsign_1nh:divider|alt_u_div_82f:divider ; alt_u_div_82f       ; work         ;
;       |lpm_divide:Mod1|                   ; 99 (0)              ; 0 (0)                     ; 0                 ; 0          ; 0    ; 0            ; |Lab8|binary2ssd:U3|lpm_divide:Mod1                                                                                 ; lpm_divide          ; work         ;
;          |lpm_divide_u4m:auto_generated|  ; 99 (0)              ; 0 (0)                     ; 0                 ; 0          ; 0    ; 0            ; |Lab8|binary2ssd:U3|lpm_divide:Mod1|lpm_divide_u4m:auto_generated                                                   ; lpm_divide_u4m      ; work         ;
;             |sign_div_unsign_1nh:divider| ; 99 (0)              ; 0 (0)                     ; 0                 ; 0          ; 0    ; 0            ; |Lab8|binary2ssd:U3|lpm_divide:Mod1|lpm_divide_u4m:auto_generated|sign_div_unsign_1nh:divider                       ; sign_div_unsign_1nh ; work         ;
;                |alt_u_div_82f:divider|    ; 99 (99)             ; 0 (0)                     ; 0                 ; 0          ; 0    ; 0            ; |Lab8|binary2ssd:U3|lpm_divide:Mod1|lpm_divide_u4m:auto_generated|sign_div_unsign_1nh:divider|alt_u_div_82f:divider ; alt_u_div_82f       ; work         ;
;       |lpm_divide:Mod2|                   ; 112 (0)             ; 0 (0)                     ; 0                 ; 0          ; 0    ; 0            ; |Lab8|binary2ssd:U3|lpm_divide:Mod2                                                                                 ; lpm_divide          ; work         ;
;          |lpm_divide_u4m:auto_generated|  ; 112 (0)             ; 0 (0)                     ; 0                 ; 0          ; 0    ; 0            ; |Lab8|binary2ssd:U3|lpm_divide:Mod2|lpm_divide_u4m:auto_generated                                                   ; lpm_divide_u4m      ; work         ;
;             |sign_div_unsign_1nh:divider| ; 112 (0)             ; 0 (0)                     ; 0                 ; 0          ; 0    ; 0            ; |Lab8|binary2ssd:U3|lpm_divide:Mod2|lpm_divide_u4m:auto_generated|sign_div_unsign_1nh:divider                       ; sign_div_unsign_1nh ; work         ;
;                |alt_u_div_82f:divider|    ; 112 (112)           ; 0 (0)                     ; 0                 ; 0          ; 0    ; 0            ; |Lab8|binary2ssd:U3|lpm_divide:Mod2|lpm_divide_u4m:auto_generated|sign_div_unsign_1nh:divider|alt_u_div_82f:divider ; alt_u_div_82f       ; work         ;
;    |counter:U2|                           ; 44 (44)             ; 10 (10)                   ; 0                 ; 0          ; 0    ; 0            ; |Lab8|counter:U2                                                                                                    ; counter             ; work         ;
;    |delay_unit:U1|                        ; 23 (23)             ; 17 (17)                   ; 0                 ; 0          ; 0    ; 0            ; |Lab8|delay_unit:U1                                                                                                 ; delay_unit          ; work         ;
+-------------------------------------------+---------------------+---------------------------+-------------------+------------+------+--------------+---------------------------------------------------------------------------------------------------------------------+---------------------+--------------+
Note: For table entries with two numbers listed, the numbers in parentheses indicate the number of resources of the given type used by the specific entity alone. The numbers listed outside of parentheses indicate the total resources of the given type used by the specific entity and all of its sub-entities in the hierarchy.


+------------------------------------------------------+
; General Register Statistics                          ;
+----------------------------------------------+-------+
; Statistic                                    ; Value ;
+----------------------------------------------+-------+
; Total registers                              ; 27    ;
; Number of registers using Synchronous Clear  ; 16    ;
; Number of registers using Synchronous Load   ; 0     ;
; Number of registers using Asynchronous Clear ; 11    ;
; Number of registers using Asynchronous Load  ; 0     ;
; Number of registers using Clock Enable       ; 26    ;
; Number of registers using Preset             ; 0     ;
+----------------------------------------------+-------+


+--------------------------------------------------------------------------------+
; Parameter Settings for Inferred Entity Instance: binary2ssd:U3|lpm_divide:Mod0 ;
+------------------------+----------------+--------------------------------------+
; Parameter Name         ; Value          ; Type                                 ;
+------------------------+----------------+--------------------------------------+
; LPM_WIDTHN             ; 10             ; Untyped                              ;
; LPM_WIDTHD             ; 10             ; Untyped                              ;
; LPM_NREPRESENTATION    ; UNSIGNED       ; Untyped                              ;
; LPM_DREPRESENTATION    ; UNSIGNED       ; Untyped                              ;
; LPM_PIPELINE           ; 0              ; Untyped                              ;
; LPM_REMAINDERPOSITIVE  ; TRUE           ; Untyped                              ;
; MAXIMIZE_SPEED         ; 5              ; Untyped                              ;
; CBXI_PARAMETER         ; lpm_divide_u4m ; Untyped                              ;
; CARRY_CHAIN            ; MANUAL         ; Untyped                              ;
; OPTIMIZE_FOR_SPEED     ; 5              ; Untyped                              ;
; AUTO_CARRY_CHAINS      ; ON             ; AUTO_CARRY                           ;
; IGNORE_CARRY_BUFFERS   ; OFF            ; IGNORE_CARRY                         ;
; AUTO_CASCADE_CHAINS    ; ON             ; AUTO_CASCADE                         ;
; IGNORE_CASCADE_BUFFERS ; OFF            ; IGNORE_CASCADE                       ;
+------------------------+----------------+--------------------------------------+
Note: In order to hide this table in the UI and the text report file, please set the "Show Parameter Settings in Synthesis Report" option in "Analysis and Synthesis Settings -> More Settings" to "Off".


+--------------------------------------------------------------------------------+
; Parameter Settings for Inferred Entity Instance: binary2ssd:U3|lpm_divide:Mod1 ;
+------------------------+----------------+--------------------------------------+
; Parameter Name         ; Value          ; Type                                 ;
+------------------------+----------------+--------------------------------------+
; LPM_WIDTHN             ; 10             ; Untyped                              ;
; LPM_WIDTHD             ; 10             ; Untyped                              ;
; LPM_NREPRESENTATION    ; UNSIGNED       ; Untyped                              ;
; LPM_DREPRESENTATION    ; UNSIGNED       ; Untyped                              ;
; LPM_PIPELINE           ; 0              ; Untyped                              ;
; LPM_REMAINDERPOSITIVE  ; TRUE           ; Untyped                              ;
; MAXIMIZE_SPEED         ; 5              ; Untyped                              ;
; CBXI_PARAMETER         ; lpm_divide_u4m ; Untyped                              ;
; CARRY_CHAIN            ; MANUAL         ; Untyped                              ;
; OPTIMIZE_FOR_SPEED     ; 5              ; Untyped                              ;
; AUTO_CARRY_CHAINS      ; ON             ; AUTO_CARRY                           ;
; IGNORE_CARRY_BUFFERS   ; OFF            ; IGNORE_CARRY                         ;
; AUTO_CASCADE_CHAINS    ; ON             ; AUTO_CASCADE                         ;
; IGNORE_CASCADE_BUFFERS ; OFF            ; IGNORE_CASCADE                       ;
+------------------------+----------------+--------------------------------------+
Note: In order to hide this table in the UI and the text report file, please set the "Show Parameter Settings in Synthesis Report" option in "Analysis and Synthesis Settings -> More Settings" to "Off".


+--------------------------------------------------------------------------------+
; Parameter Settings for Inferred Entity Instance: binary2ssd:U3|lpm_divide:Mod2 ;
+------------------------+----------------+--------------------------------------+
; Parameter Name         ; Value          ; Type                                 ;
+------------------------+----------------+--------------------------------------+
; LPM_WIDTHN             ; 10             ; Untyped                              ;
; LPM_WIDTHD             ; 10             ; Untyped                              ;
; LPM_NREPRESENTATION    ; UNSIGNED       ; Untyped                              ;
; LPM_DREPRESENTATION    ; UNSIGNED       ; Untyped                              ;
; LPM_PIPELINE           ; 0              ; Untyped                              ;
; LPM_REMAINDERPOSITIVE  ; TRUE           ; Untyped                              ;
; MAXIMIZE_SPEED         ; 5              ; Untyped                              ;
; CBXI_PARAMETER         ; lpm_divide_u4m ; Untyped                              ;
; CARRY_CHAIN            ; MANUAL         ; Untyped                              ;
; OPTIMIZE_FOR_SPEED     ; 5              ; Untyped                              ;
; AUTO_CARRY_CHAINS      ; ON             ; AUTO_CARRY                           ;
; IGNORE_CARRY_BUFFERS   ; OFF            ; IGNORE_CARRY                         ;
; AUTO_CASCADE_CHAINS    ; ON             ; AUTO_CASCADE                         ;
; IGNORE_CASCADE_BUFFERS ; OFF            ; IGNORE_CASCADE                       ;
+------------------------+----------------+--------------------------------------+
Note: In order to hide this table in the UI and the text report file, please set the "Show Parameter Settings in Synthesis Report" option in "Analysis and Synthesis Settings -> More Settings" to "Off".


+--------------------------------------------------------------------------------+
; Parameter Settings for Inferred Entity Instance: binary2ssd:U3|lpm_divide:Div2 ;
+------------------------+----------------+--------------------------------------+
; Parameter Name         ; Value          ; Type                                 ;
+------------------------+----------------+--------------------------------------+
; LPM_WIDTHN             ; 10             ; Untyped                              ;
; LPM_WIDTHD             ; 4              ; Untyped                              ;
; LPM_NREPRESENTATION    ; UNSIGNED       ; Untyped                              ;
; LPM_DREPRESENTATION    ; UNSIGNED       ; Untyped                              ;
; LPM_PIPELINE           ; 0              ; Untyped                              ;
; LPM_REMAINDERPOSITIVE  ; TRUE           ; Untyped                              ;
; MAXIMIZE_SPEED         ; 5              ; Untyped                              ;
; CBXI_PARAMETER         ; lpm_divide_ebm ; Untyped                              ;
; CARRY_CHAIN            ; MANUAL         ; Untyped                              ;
; OPTIMIZE_FOR_SPEED     ; 5              ; Untyped                              ;
; AUTO_CARRY_CHAINS      ; ON             ; AUTO_CARRY                           ;
; IGNORE_CARRY_BUFFERS   ; OFF            ; IGNORE_CARRY                         ;
; AUTO_CASCADE_CHAINS    ; ON             ; AUTO_CASCADE                         ;
; IGNORE_CASCADE_BUFFERS ; OFF            ; IGNORE_CASCADE                       ;
+------------------------+----------------+--------------------------------------+
Note: In order to hide this table in the UI and the text report file, please set the "Show Parameter Settings in Synthesis Report" option in "Analysis and Synthesis Settings -> More Settings" to "Off".


+--------------------------------------------------------------------------------+
; Parameter Settings for Inferred Entity Instance: binary2ssd:U3|lpm_divide:Div1 ;
+------------------------+----------------+--------------------------------------+
; Parameter Name         ; Value          ; Type                                 ;
+------------------------+----------------+--------------------------------------+
; LPM_WIDTHN             ; 10             ; Untyped                              ;
; LPM_WIDTHD             ; 7              ; Untyped                              ;
; LPM_NREPRESENTATION    ; UNSIGNED       ; Untyped                              ;
; LPM_DREPRESENTATION    ; UNSIGNED       ; Untyped                              ;
; LPM_PIPELINE           ; 0              ; Untyped                              ;
; LPM_REMAINDERPOSITIVE  ; TRUE           ; Untyped                              ;
; MAXIMIZE_SPEED         ; 5              ; Untyped                              ;
; CBXI_PARAMETER         ; lpm_divide_hbm ; Untyped                              ;
; CARRY_CHAIN            ; MANUAL         ; Untyped                              ;
; OPTIMIZE_FOR_SPEED     ; 5              ; Untyped                              ;
; AUTO_CARRY_CHAINS      ; ON             ; AUTO_CARRY                           ;
; IGNORE_CARRY_BUFFERS   ; OFF            ; IGNORE_CARRY                         ;
; AUTO_CASCADE_CHAINS    ; ON             ; AUTO_CASCADE                         ;
; IGNORE_CASCADE_BUFFERS ; OFF            ; IGNORE_CASCADE                       ;
+------------------------+----------------+--------------------------------------+
Note: In order to hide this table in the UI and the text report file, please set the "Show Parameter Settings in Synthesis Report" option in "Analysis and Synthesis Settings -> More Settings" to "Off".


+--------------------------------------------------------------------------------+
; Parameter Settings for Inferred Entity Instance: binary2ssd:U3|lpm_divide:Div0 ;
+------------------------+----------------+--------------------------------------+
; Parameter Name         ; Value          ; Type                                 ;
+------------------------+----------------+--------------------------------------+
; LPM_WIDTHN             ; 10             ; Untyped                              ;
; LPM_WIDTHD             ; 10             ; Untyped                              ;
; LPM_NREPRESENTATION    ; UNSIGNED       ; Untyped                              ;
; LPM_DREPRESENTATION    ; UNSIGNED       ; Untyped                              ;
; LPM_PIPELINE           ; 0              ; Untyped                              ;
; LPM_REMAINDERPOSITIVE  ; TRUE           ; Untyped                              ;
; MAXIMIZE_SPEED         ; 5              ; Untyped                              ;
; CBXI_PARAMETER         ; lpm_divide_rcm ; Untyped                              ;
; CARRY_CHAIN            ; MANUAL         ; Untyped                              ;
; OPTIMIZE_FOR_SPEED     ; 5              ; Untyped                              ;
; AUTO_CARRY_CHAINS      ; ON             ; AUTO_CARRY                           ;
; IGNORE_CARRY_BUFFERS   ; OFF            ; IGNORE_CARRY                         ;
; AUTO_CASCADE_CHAINS    ; ON             ; AUTO_CASCADE                         ;
; IGNORE_CASCADE_BUFFERS ; OFF            ; IGNORE_CASCADE                       ;
+------------------------+----------------+--------------------------------------+
Note: In order to hide this table in the UI and the text report file, please set the "Show Parameter Settings in Synthesis Report" option in "Analysis and Synthesis Settings -> More Settings" to "Off".


+------------------------------------------------+
; Port Connectivity Checks: "delay_unit:U1"      ;
+--------------+-------+----------+--------------+
; Port         ; Type  ; Severity ; Details      ;
+--------------+-------+----------+--------------+
; max_value[2] ; Input ; Info     ; Stuck at VCC ;
; max_value[0] ; Input ; Info     ; Stuck at VCC ;
+--------------+-------+----------+--------------+


+-----------------------------------------------------+
; Post-Synthesis Netlist Statistics for Top Partition ;
+-----------------------+-----------------------------+
; Type                  ; Count                       ;
+-----------------------+-----------------------------+
; arriav_ff             ; 27                          ;
;     CLR               ; 1                           ;
;     ENA CLR           ; 10                          ;
;     ENA SCLR          ; 16                          ;
; arriav_lcell_comb     ; 473                         ;
;     arith             ; 218                         ;
;         0 data inputs ; 44                          ;
;         1 data inputs ; 36                          ;
;         2 data inputs ; 5                           ;
;         3 data inputs ; 57                          ;
;         4 data inputs ; 76                          ;
;     normal            ; 233                         ;
;         0 data inputs ; 2                           ;
;         1 data inputs ; 4                           ;
;         2 data inputs ; 93                          ;
;         3 data inputs ; 42                          ;
;         4 data inputs ; 60                          ;
;         5 data inputs ; 29                          ;
;         6 data inputs ; 3                           ;
;     shared            ; 22                          ;
;         0 data inputs ; 2                           ;
;         1 data inputs ; 20                          ;
; boundary_port         ; 42                          ;
;                       ;                             ;
; Max LUT depth         ; 28.20                       ;
; Average LUT depth     ; 20.26                       ;
+-----------------------+-----------------------------+


+-------------------------------+
; Elapsed Time Per Partition    ;
+----------------+--------------+
; Partition Name ; Elapsed Time ;
+----------------+--------------+
; Top            ; 00:00:03     ;
+----------------+--------------+


+-------------------------------+
; Analysis & Synthesis Messages ;
+-------------------------------+
Info: *******************************************************************
Info: Running Quartus Prime Analysis & Synthesis
    Info: Version 17.0.0 Build 595 04/25/2017 SJ Standard Edition
    Info: Processing started: Fri Nov 02 15:13:37 2018
Info: Command: quartus_map --read_settings_files=on --write_settings_files=off Lab8 -c Lab8
Warning (18236): Number of processors has not been specified which may cause overloading on shared machines.  Set the global assignment NUM_PARALLEL_PROCESSORS in your QSF to an appropriate value for best performance.
Info (20030): Parallel compilation is enabled and will use 4 of the 4 processors detected
Info (12021): Found 2 design units, including 1 entities, in source file lab8.vhd
    Info (12022): Found design unit 1: Lab8-model File: S:/CPET232/Lab8/Lab8.vhd Line: 15
    Info (12023): Found entity 1: Lab8 File: S:/CPET232/Lab8/Lab8.vhd Line: 5
Info (12021): Found 2 design units, including 1 entities, in source file delay_unit.vhd
    Info (12022): Found design unit 1: delay_unit-model File: S:/CPET232/Lab8/delay_unit.vhd Line: 13
    Info (12023): Found entity 1: delay_unit File: S:/CPET232/Lab8/delay_unit.vhd Line: 5
Info (12021): Found 2 design units, including 1 entities, in source file counter.vhd
    Info (12022): Found design unit 1: counter-model File: S:/CPET232/Lab8/counter.vhd Line: 15
    Info (12023): Found entity 1: counter File: S:/CPET232/Lab8/counter.vhd Line: 5
Info (12021): Found 2 design units, including 1 entities, in source file binary2ssd.vhd
    Info (12022): Found design unit 1: binary2ssd-model File: S:/CPET232/Lab8/binary2ssd.vhd Line: 11
    Info (12023): Found entity 1: binary2ssd File: S:/CPET232/Lab8/binary2ssd.vhd Line: 5
Info (12127): Elaborating entity "Lab8" for the top level hierarchy
Info (12128): Elaborating entity "delay_unit" for hierarchy "delay_unit:U1" File: S:/CPET232/Lab8/Lab8.vhd Line: 55
Info (12128): Elaborating entity "counter" for hierarchy "counter:U2" File: S:/CPET232/Lab8/Lab8.vhd Line: 56
Warning (10492): VHDL Process Statement warning at counter.vhd(33): signal "time_in" is read inside the Process Statement but isn't in the Process Statement's sensitivity list File: S:/CPET232/Lab8/counter.vhd Line: 33
Info (12128): Elaborating entity "binary2ssd" for hierarchy "binary2ssd:U3" File: S:/CPET232/Lab8/Lab8.vhd Line: 57
Info (278001): Inferred 6 megafunctions from design logic
    Info (278004): Inferred divider/modulo megafunction ("lpm_divide") from the following logic: "binary2ssd:U3|Mod0" File: S:/CPET232/Lab8/binary2ssd.vhd Line: 43
    Info (278004): Inferred divider/modulo megafunction ("lpm_divide") from the following logic: "binary2ssd:U3|Mod1" File: S:/CPET232/Lab8/binary2ssd.vhd Line: 43
    Info (278004): Inferred divider/modulo megafunction ("lpm_divide") from the following logic: "binary2ssd:U3|Mod2" File: S:/CPET232/Lab8/binary2ssd.vhd Line: 43
    Info (278004): Inferred divider/modulo megafunction ("lpm_divide") from the following logic: "binary2ssd:U3|Div2" File: S:/CPET232/Lab8/binary2ssd.vhd Line: 42
    Info (278004): Inferred divider/modulo megafunction ("lpm_divide") from the following logic: "binary2ssd:U3|Div1" File: S:/CPET232/Lab8/binary2ssd.vhd Line: 41
    Info (278004): Inferred divider/modulo megafunction ("lpm_divide") from the following logic: "binary2ssd:U3|Div0" File: S:/CPET232/Lab8/binary2ssd.vhd Line: 40
Info (12130): Elaborated megafunction instantiation "binary2ssd:U3|lpm_divide:Mod0" File: S:/CPET232/Lab8/binary2ssd.vhd Line: 43
Info (12133): Instantiated megafunction "binary2ssd:U3|lpm_divide:Mod0" with the following parameter: File: S:/CPET232/Lab8/binary2ssd.vhd Line: 43
    Info (12134): Parameter "LPM_WIDTHN" = "10"
    Info (12134): Parameter "LPM_WIDTHD" = "10"
    Info (12134): Parameter "LPM_NREPRESENTATION" = "UNSIGNED"
    Info (12134): Parameter "LPM_DREPRESENTATION" = "UNSIGNED"
Info (12021): Found 1 design units, including 1 entities, in source file db/lpm_divide_u4m.tdf
    Info (12023): Found entity 1: lpm_divide_u4m File: S:/CPET232/Lab8/db/lpm_divide_u4m.tdf Line: 25
Info (12021): Found 1 design units, including 1 entities, in source file db/sign_div_unsign_1nh.tdf
    Info (12023): Found entity 1: sign_div_unsign_1nh File: S:/CPET232/Lab8/db/sign_div_unsign_1nh.tdf Line: 25
Info (12021): Found 1 design units, including 1 entities, in source file db/alt_u_div_82f.tdf
    Info (12023): Found entity 1: alt_u_div_82f File: S:/CPET232/Lab8/db/alt_u_div_82f.tdf Line: 23
Info (12130): Elaborated megafunction instantiation "binary2ssd:U3|lpm_divide:Mod1" File: S:/CPET232/Lab8/binary2ssd.vhd Line: 43
Info (12133): Instantiated megafunction "binary2ssd:U3|lpm_divide:Mod1" with the following parameter: File: S:/CPET232/Lab8/binary2ssd.vhd Line: 43
    Info (12134): Parameter "LPM_WIDTHN" = "10"
    Info (12134): Parameter "LPM_WIDTHD" = "10"
    Info (12134): Parameter "LPM_NREPRESENTATION" = "UNSIGNED"
    Info (12134): Parameter "LPM_DREPRESENTATION" = "UNSIGNED"
Info (12130): Elaborated megafunction instantiation "binary2ssd:U3|lpm_divide:Mod2" File: S:/CPET232/Lab8/binary2ssd.vhd Line: 43
Info (12133): Instantiated megafunction "binary2ssd:U3|lpm_divide:Mod2" with the following parameter: File: S:/CPET232/Lab8/binary2ssd.vhd Line: 43
    Info (12134): Parameter "LPM_WIDTHN" = "10"
    Info (12134): Parameter "LPM_WIDTHD" = "10"
    Info (12134): Parameter "LPM_NREPRESENTATION" = "UNSIGNED"
    Info (12134): Parameter "LPM_DREPRESENTATION" = "UNSIGNED"
Info (12130): Elaborated megafunction instantiation "binary2ssd:U3|lpm_divide:Div2" File: S:/CPET232/Lab8/binary2ssd.vhd Line: 42
Info (12133): Instantiated megafunction "binary2ssd:U3|lpm_divide:Div2" with the following parameter: File: S:/CPET232/Lab8/binary2ssd.vhd Line: 42
    Info (12134): Parameter "LPM_WIDTHN" = "10"
    Info (12134): Parameter "LPM_WIDTHD" = "4"
    Info (12134): Parameter "LPM_NREPRESENTATION" = "UNSIGNED"
    Info (12134): Parameter "LPM_DREPRESENTATION" = "UNSIGNED"
Info (12021): Found 1 design units, including 1 entities, in source file db/lpm_divide_ebm.tdf
    Info (12023): Found entity 1: lpm_divide_ebm File: S:/CPET232/Lab8/db/lpm_divide_ebm.tdf Line: 25
Info (12021): Found 1 design units, including 1 entities, in source file db/sign_div_unsign_klh.tdf
    Info (12023): Found entity 1: sign_div_unsign_klh File: S:/CPET232/Lab8/db/sign_div_unsign_klh.tdf Line: 25
Info (12021): Found 1 design units, including 1 entities, in source file db/alt_u_div_eve.tdf
    Info (12023): Found entity 1: alt_u_div_eve File: S:/CPET232/Lab8/db/alt_u_div_eve.tdf Line: 23
Info (12130): Elaborated megafunction instantiation "binary2ssd:U3|lpm_divide:Div1" File: S:/CPET232/Lab8/binary2ssd.vhd Line: 41
Info (12133): Instantiated megafunction "binary2ssd:U3|lpm_divide:Div1" with the following parameter: File: S:/CPET232/Lab8/binary2ssd.vhd Line: 41
    Info (12134): Parameter "LPM_WIDTHN" = "10"
    Info (12134): Parameter "LPM_WIDTHD" = "7"
    Info (12134): Parameter "LPM_NREPRESENTATION" = "UNSIGNED"
    Info (12134): Parameter "LPM_DREPRESENTATION" = "UNSIGNED"
Info (12021): Found 1 design units, including 1 entities, in source file db/lpm_divide_hbm.tdf
    Info (12023): Found entity 1: lpm_divide_hbm File: S:/CPET232/Lab8/db/lpm_divide_hbm.tdf Line: 25
Info (12021): Found 1 design units, including 1 entities, in source file db/sign_div_unsign_nlh.tdf
    Info (12023): Found entity 1: sign_div_unsign_nlh File: S:/CPET232/Lab8/db/sign_div_unsign_nlh.tdf Line: 25
Info (12021): Found 1 design units, including 1 entities, in source file db/alt_u_div_kve.tdf
    Info (12023): Found entity 1: alt_u_div_kve File: S:/CPET232/Lab8/db/alt_u_div_kve.tdf Line: 23
Info (12130): Elaborated megafunction instantiation "binary2ssd:U3|lpm_divide:Div0" File: S:/CPET232/Lab8/binary2ssd.vhd Line: 40
Info (12133): Instantiated megafunction "binary2ssd:U3|lpm_divide:Div0" with the following parameter: File: S:/CPET232/Lab8/binary2ssd.vhd Line: 40
    Info (12134): Parameter "LPM_WIDTHN" = "10"
    Info (12134): Parameter "LPM_WIDTHD" = "10"
    Info (12134): Parameter "LPM_NREPRESENTATION" = "UNSIGNED"
    Info (12134): Parameter "LPM_DREPRESENTATION" = "UNSIGNED"
Info (12021): Found 1 design units, including 1 entities, in source file db/lpm_divide_rcm.tdf
    Info (12023): Found entity 1: lpm_divide_rcm File: S:/CPET232/Lab8/db/lpm_divide_rcm.tdf Line: 25
Warning (13004): Presettable and clearable registers converted to equivalent circuits with latches. Registers power-up to an undefined state, and DEVCLRn places the registers in an undefined state.
    Warning (13310): Register "counter:U2|count_int[0]" is converted into an equivalent circuit using register "counter:U2|count_int[0]~_emulated" and latch "counter:U2|count_int[0]~1" File: S:/CPET232/Lab8/counter.vhd Line: 24
    Warning (13310): Register "counter:U2|count_int[1]" is converted into an equivalent circuit using register "counter:U2|count_int[1]~_emulated" and latch "counter:U2|count_int[1]~5" File: S:/CPET232/Lab8/counter.vhd Line: 24
    Warning (13310): Register "counter:U2|count_int[2]" is converted into an equivalent circuit using register "counter:U2|count_int[2]~_emulated" and latch "counter:U2|count_int[2]~9" File: S:/CPET232/Lab8/counter.vhd Line: 24
    Warning (13310): Register "counter:U2|count_int[3]" is converted into an equivalent circuit using register "counter:U2|count_int[3]~_emulated" and latch "counter:U2|count_int[3]~13" File: S:/CPET232/Lab8/counter.vhd Line: 24
    Warning (13310): Register "counter:U2|count_int[9]" is converted into an equivalent circuit using register "counter:U2|count_int[9]~_emulated" and latch "counter:U2|count_int[9]~17" File: S:/CPET232/Lab8/counter.vhd Line: 24
    Warning (13310): Register "counter:U2|count_int[8]" is converted into an equivalent circuit using register "counter:U2|count_int[8]~_emulated" and latch "counter:U2|count_int[8]~21" File: S:/CPET232/Lab8/counter.vhd Line: 24
    Warning (13310): Register "counter:U2|count_int[7]" is converted into an equivalent circuit using register "counter:U2|count_int[7]~_emulated" and latch "counter:U2|count_int[7]~25" File: S:/CPET232/Lab8/counter.vhd Line: 24
    Warning (13310): Register "counter:U2|count_int[6]" is converted into an equivalent circuit using register "counter:U2|count_int[6]~_emulated" and latch "counter:U2|count_int[6]~29" File: S:/CPET232/Lab8/counter.vhd Line: 24
    Warning (13310): Register "counter:U2|count_int[5]" is converted into an equivalent circuit using register "counter:U2|count_int[5]~_emulated" and latch "counter:U2|count_int[5]~33" File: S:/CPET232/Lab8/counter.vhd Line: 24
    Warning (13310): Register "counter:U2|count_int[4]" is converted into an equivalent circuit using register "counter:U2|count_int[4]~_emulated" and latch "counter:U2|count_int[4]~37" File: S:/CPET232/Lab8/counter.vhd Line: 24
Warning (13024): Output pins are stuck at VCC or GND
    Warning (13410): Pin "HEX3[1]" is stuck at GND File: S:/CPET232/Lab8/Lab8.vhd Line: 12
    Warning (13410): Pin "HEX3[2]" is stuck at GND File: S:/CPET232/Lab8/Lab8.vhd Line: 12
    Warning (13410): Pin "HEX3[6]" is stuck at VCC File: S:/CPET232/Lab8/Lab8.vhd Line: 12
Info (286030): Timing-Driven Synthesis is running
Info (16010): Generating hard_block partition "hard_block:auto_generated_inst"
    Info (16011): Adding 0 node(s), including 0 DDIO, 0 PLL, 0 transceiver and 0 LCELL
Info (21057): Implemented 510 device resources after synthesis - the final resource count might be different
    Info (21058): Implemented 14 input pins
    Info (21059): Implemented 28 output pins
    Info (21061): Implemented 468 logic cells
Info: Quartus Prime Analysis & Synthesis was successful. 0 errors, 17 warnings
    Info: Peak virtual memory: 802 megabytes
    Info: Processing ended: Fri Nov 02 15:13:53 2018
    Info: Elapsed time: 00:00:16
    Info: Total CPU time (on all processors): 00:00:22


